#
# A fatal error has been detected by the Java Runtime Environment:
#
#  EXCEPTION_ACCESS_VIOLATION (0xc0000005) at pc=0x00007ffdcab189f6, pid=9680, tid=11932
#
# JRE version: Java(TM) SE Runtime Environment (17.0.10+11) (build 17.0.10+11-LTS-240)
# Java VM: Java HotSpot(TM) 64-Bit Server VM (17.0.10+11-LTS-240, mixed mode, emulated-client, sharing, tiered, compressed oops, compressed class ptrs, g1 gc, windows-amd64)
# Problematic frame:
# C  [ZRDDS_JAVA.dll+0xc89f6]
#
# No core dump will be written. Minidumps are not enabled by default on client versions of Windows
#
# If you would like to submit a bug report, please visit:
#   https://bugreport.java.com/bugreport/crash.jsp
# The crash happened outside the Java Virtual Machine in native code.
# See problematic frame for where to report the bug.
#

---------------  S U M M A R Y ------------

Command Line: -Djava.library.path=C:\Program Files (x86)\ZRDDS\ZRDDS-2.4.4\lib -XX:TieredStopAtLevel=1 -Dspring.output.ansi.enabled=always -Dcom.sun.management.jmxremote -Dspring.jmx.enabled=true -Dspring.liveBeansView.mbeanDomain -Dspring.application.admin.enabled=true -javaagent:C:\Program Files\JetBrains\IntelliJ IDEA 2022.2.5\lib\idea_rt.jar=64123:C:\Program Files\JetBrains\IntelliJ IDEA 2022.2.5\bin -Dfile.encoding=UTF-8 HomeSimulator.HomeSimulator

Host: 13th Gen Intel(R) Core(TM) i7-13650HX, 20 cores, 31G,  Windows 11 , 64 bit Build 26100 (10.0.26100.5074)
Time: Thu Sep 11 15:58:42 2025  Windows 11 , 64 bit Build 26100 (10.0.26100.5074) elapsed time: 481.130267 seconds (0d 0h 8m 1s)

---------------  T H R E A D  ---------------

Current thread (0x0000012959b35490):  JavaThread "Thread-2" [_thread_in_native, id=11932, stack(0x00000007e5f00000,0x00000007e6000000)]

Stack: [0x00000007e5f00000,0x00000007e6000000],  sp=0x00000007e5ffec50,  free space=1019k
Native frames: (J=compiled Java code, j=interpreted, Vv=VM code, C=native code)
C  [ZRDDS_JAVA.dll+0xc89f6]

Java frames: (J=compiled Java code, j=interpreted, Vv=VM code)
j  com.zrdds.publication.DataWriterImpl.datawriter_write_w_dst(JLjava/lang/Object;[BJ[BI)I+0
j  com.zrdds.publication.DataWriterImpl.write(Ljava/lang/Object;Lcom/zrdds/infrastructure/InstanceHandle_t;)Lcom/zrdds/infrastructure/ReturnCode_t;+54
j  HomeSimulator.HomeSimulatorAlert.reportAlertStatus()V+142
j  HomeSimulator.HomeSimulatorAlert.clearAlert()V+57
j  HomeSimulator.HomeSimulatorAlert.stop()V+94
j  HomeSimulator.HomeSimulator.shutdown()V+53
j  HomeSimulator.HomeSimulator.lambda$12()V+11
j  HomeSimulator.HomeSimulator$$Lambda$114+0x000001295b0de000.run()V+4
J 1922 c1 java.lang.Thread.run()V java.base@17.0.10 (17 bytes) @ 0x000001293f9802ec [0x000001293f9802a0+0x000000000000004c]
v  ~StubRoutines::call_stub

siginfo: EXCEPTION_ACCESS_VIOLATION (0xc0000005), writing address 0x00000000000002c0


Registers:
RAX=0x2596808c68c28132, RBX=0x0000000001000000, RCX=0x0000000000000000, RDX=0x0000000001060100
RSP=0x00000007e5ffec50, RBP=0x00000007e5ffed70, RSI=0x000001299f6f1f90, RDI=0x00000007e5ffed28
R8 =0x0000000001000100, R9 =0x000001299f3c1f70, R10=0x0000000000000001, R11=0x0000000000000003
R12=0x00000007e5fff0a8, R13=0x0000000000000000, R14=0x0000000000000000, R15=0x000001299f6f2000
RIP=0x00007ffdcab189f6, EFLAGS=0x0000000000010206


Register to memory mapping:

RIP=0x00007ffdcab189f6 ZRDDS_JAVA.dll
RAX=0x2596808c68c28132 is an unknown value
RBX=0x0000000001000000 is an unknown value
RCX=0x0 is NULL
RDX=0x0000000001060100 is an unknown value
RSP=0x00000007e5ffec50 is pointing into the stack for thread: 0x0000012959b35490
RBP=0x00000007e5ffed70 is pointing into the stack for thread: 0x0000012959b35490
RSI=0x000001299f6f1f90 points into unknown readable memory: 0x0189a8c000000000 | 00 00 00 00 c0 a8 89 01
RDI=0x00000007e5ffed28 is pointing into the stack for thread: 0x0000012959b35490
R8 =0x0000000001000100 is an unknown value
R9 =0x000001299f3c1f70 points into unknown readable memory: 0x00000001fffffffa | fa ff ff ff 01 00 00 00
R10=0x0000000000000001 is an unknown value
R11=0x0000000000000003 is an unknown value
R12=0x00000007e5fff0a8 is pointing into the stack for thread: 0x0000012959b35490
R13=0x0 is NULL
R14=0x0 is NULL
R15=0x000001299f6f2000 points into unknown readable memory: 0xd02500000189a8c0 | c0 a8 89 01 00 00 25 d0


Top of Stack: (sp=0x00000007e5ffec50)
0x00000007e5ffec50:   0000000001000000 0000000000000000
0x00000007e5ffec60:   00000007e5ffef20 000001293fbe194c
0x00000007e5ffec70:   0000000000000000 00007ffd9b1a3346
0x00000007e5ffec80:   00000007e5ffed40 0000000000000000
0x00000007e5ffec90:   00000007e5ffed40 0000000449020180
0x00000007e5ffeca0:   0000000000000000 00007ffd9b1a3b9c
0x00000007e5ffecb0:   00000007e5ffed20 000000007fffffff
0x00000007e5ffecc0:   00000007e5ffef20 000001293fa75994
0x00000007e5ffecd0:   0000000000000001 00000007e5ffecd8
0x00000007e5ffece0:   0000000000000002 00000004490202e8
0x00000007e5ffecf0:   000001295a2684b0 00000007e5ffed28
0x00000007e5ffed00:   00007ffdcac51778 000001299f6f1f90
0x00000007e5ffed10:   0000000000000000 000001293f7a94ea
0x00000007e5ffed20:   00000007e5ffef20 2596808c68c28132
0x00000007e5ffed30:   0000000000000000 00000007e5ffed38
0x00000007e5ffed40:   000001295a891609 0000000449020180 

Instructions: (pc=0x00007ffdcab189f6)
0x00007ffdcab188f6:   85 c4 02 00 00 39 47 04 0f 84 da 00 00 00 0f 83
0x00007ffdcab18906:   d4 00 00 00 48 8b 0d 4f 13 1a 00 48 85 c9 74 0a
0x00007ffdcab18916:   48 83 c1 60 ff 15 08 78 13 00 48 8b 9e 88 00 00
0x00007ffdcab18926:   00 49 8b cf e8 e1 59 11 00 48 8b 4b 20 33 d2 48
0x00007ffdcab18936:   89 4c 24 68 45 33 c9 48 89 44 24 60 45 33 c0 8b
0x00007ffdcab18946:   47 04 89 44 24 58 8d 4a 10 8b 07 89 44 24 50 41
0x00007ffdcab18956:   8b 85 c4 02 00 00 89 44 24 48 41 8b 85 c0 02 00
0x00007ffdcab18966:   00 89 44 24 40 48 8d 05 1e 98 14 00 48 89 44 24
0x00007ffdcab18976:   38 48 8d 05 5a 96 14 00 c7 44 24 30 0a 2f 00 00
0x00007ffdcab18986:   48 89 44 24 28 48 8d 05 de 4c 14 00 48 89 44 24
0x00007ffdcab18996:   20 e8 44 a3 09 00 48 8b 0d bd 12 1a 00 48 85 c9
0x00007ffdcab189a6:   74 0a 48 83 c1 60 ff 15 7e 77 13 00 48 8b 8e 70
0x00007ffdcab189b6:   0f 00 00 ff 15 71 77 13 00 80 be 5a 0c 00 00 00
0x00007ffdcab189c6:   0f 84 5f fd ff ff 48 8d 8e 50 10 00 00 e9 4d fd
0x00007ffdcab189d6:   ff ff 0f 8c 2c ff ff ff 41 0f ba e8 08 48 8b 07
0x00007ffdcab189e6:   41 8b d0 0f b6 8e 40 10 00 00 81 ca 00 00 06 00
0x00007ffdcab189f6:   49 89 85 c0 02 00 00 84 c9 8b 85 a8 01 00 00 4d
0x00007ffdcab18a06:   8b cd 89 44 24 38 41 0f 44 d0 48 8d 45 80 4c 89
0x00007ffdcab18a16:   75 80 4c 8b 75 c0 4d 8b c4 48 89 44 24 30 48 8b
0x00007ffdcab18a26:   ce 89 54 24 28 48 8b d7 4c 89 74 24 20 e8 a8 da
0x00007ffdcab18a36:   fe ff 8b d8 85 c0 74 2a 48 8b 8e 70 0f 00 00 ff
0x00007ffdcab18a46:   15 e5 76 13 00 80 be 5a 0c 00 00 00 74 0d 48 8d
0x00007ffdcab18a56:   8e 50 10 00 00 ff 15 cf 76 13 00 8b c3 e9 c8 fc
0x00007ffdcab18a66:   ff ff 41 c6 85 b2 02 00 00 01 4c 8b 7d 80 4d 85
0x00007ffdcab18a76:   f6 74 06 41 0f 10 06 eb 07 0f 10 05 f2 8a 13 00
0x00007ffdcab18a86:   41 0f 11 87 bc 01 00 00 80 be d5 0e 00 00 00 4c
0x00007ffdcab18a96:   8d 66 70 0f 84 85 03 00 00 48 8b 86 80 00 00 00
0x00007ffdcab18aa6:   4d 8b c4 48 8b 96 88 00 00 00 48 8b 7d 80 48 8b
0x00007ffdcab18ab6:   88 80 00 00 00 48 8b 52 20 48 8b 81 c0 0d 00 00
0x00007ffdcab18ac6:   b9 73 06 00 00 48 89 45 98 e8 cc b0 09 00 84 c0
0x00007ffdcab18ad6:   0f 84 86 00 00 00 48 8b 0d 7d 11 1a 00 48 85 c9
0x00007ffdcab18ae6:   74 0a 48 83 c1 60 ff 15 36 76 13 00 48 8b 45 80 


Stack slot to memory mapping:
stack at sp + 0 slots: 0x0000000001000000 is an unknown value
stack at sp + 1 slots: 0x0 is NULL
stack at sp + 2 slots: 0x00000007e5ffef20 is pointing into the stack for thread: 0x0000012959b35490
stack at sp + 3 slots: 0x000001293fbe194c is at entry_point+236 in (nmethod*)0x000001293fbe1690
Compiled method (c1)  481158 2255       1       java.time.LocalTime::getLong (50 bytes)
 total in heap  [0x000001293fbe1690,0x000001293fbe1b60] = 1232
 relocation     [0x000001293fbe17e8,0x000001293fbe1860] = 120
 main code      [0x000001293fbe1860,0x000001293fbe1a40] = 480
 stub code      [0x000001293fbe1a40,0x000001293fbe1ab8] = 120
 metadata       [0x000001293fbe1ab8,0x000001293fbe1ac0] = 8
 scopes data    [0x000001293fbe1ac0,0x000001293fbe1ae8] = 40
 scopes pcs     [0x000001293fbe1ae8,0x000001293fbe1b58] = 112
 dependencies   [0x000001293fbe1b58,0x000001293fbe1b60] = 8
stack at sp + 4 slots: 0x0 is NULL
stack at sp + 5 slots: 0x00007ffd9b1a3346 jvm.dll
stack at sp + 6 slots: 0x00000007e5ffed40 is pointing into the stack for thread: 0x0000012959b35490
stack at sp + 7 slots: 0x0 is NULL


Compiled method (c1)  481160 1922       1       java.lang.Thread::run (17 bytes)
 total in heap  [0x000001293f980110,0x000001293f9803d8] = 712
 relocation     [0x000001293f980268,0x000001293f9802a0] = 56
 main code      [0x000001293f9802a0,0x000001293f980340] = 160
 stub code      [0x000001293f980340,0x000001293f980388] = 72
 metadata       [0x000001293f980388,0x000001293f980390] = 8
 scopes data    [0x000001293f980390,0x000001293f9803a0] = 16
 scopes pcs     [0x000001293f9803a0,0x000001293f9803d0] = 48
 dependencies   [0x000001293f9803d0,0x000001293f9803d8] = 8

[Constant Pool (empty)]

[MachCode]
[Entry Point]
  # {method} {0x000001295a01cae0} 'run' '()V' in 'java/lang/Thread'
  #           [sp+0x40]  (sp of caller)
  0x000001293f9802a0: 448b 5208 | 49bb 0000 | 005a 2901 | 0000 4d03 | d34c 3bd0 

  0x000001293f9802b4: ;   {runtime_call ic_miss_stub}
  0x000001293f9802b4: 0f85 c6c7 | e6ff 660f | 1f44 0000 
[Verified Entry Point]
  0x000001293f9802c0: 8984 2400 | 90ff ff55 | 4883 ec30 | 8b52 3448 | c1e2 0348 | 83fa 000f | 840f 0000 | 0048 b870 
  0x000001293f9802e0: 5cbd 9f29 

  0x000001293f9802e4: ;   {virtual_call}
  0x000001293f9802e4: 0100 00e8 

  0x000001293f9802e8: ; ImmutableOopMap {}
                      ;*invokeinterface run {reexecute=0 rethrow=0 return_oop=0}
                      ; - java.lang.Thread::run@11 (line 842)
  0x000001293f9802e8: 74a2 f1ff | 4883 c430 

  0x000001293f9802f0: ;   {poll_return}
  0x000001293f9802f0: 5d49 3ba7 | 4803 0000 | 0f87 0100 

  0x000001293f9802fc: ;   {internal_word}
  0x000001293f9802fc: 0000 c349 | baf1 0298 | 3f29 0100 | 004d 8997 | 6003 0000 

  0x000001293f980310: ;   {runtime_call SafepointBlob}
  0x000001293f980310: e9eb 30e7 | ff90 9049 | 8b87 d803 | 0000 49c7 | 87d8 0300 | 0000 0000 | 0049 c787 | e003 0000 
  0x000001293f980330: 0000 0000 | 4883 c430 

  0x000001293f980338: ;   {runtime_call unwind_exception Runtime1 stub}
  0x000001293f980338: 5de9 c217 | f1ff f4f4 
[Stub Code]
  0x000001293f980340: ;   {no_reloc}
  0x000001293f980340: 0f1f 4400 

  0x000001293f980344: ;   {static_stub}
  0x000001293f980344: 0048 bb00 | 0000 0000 

  0x000001293f98034c: ;   {runtime_call}
  0x000001293f98034c: 0000 00e9 | fbff ffff 
[Exception Handler]
  0x000001293f980354: ;   {runtime_call handle_exception_from_callee Runtime1 stub}
  0x000001293f980354: e8a7 50f1 

  0x000001293f980358: ;   {external_word}
  0x000001293f980358: ff48 b9a0 | e085 9bfd | 7f00 0048 

  0x000001293f980364: ;   {runtime_call}
  0x000001293f980364: 83e4 f049 | bae0 da53 | 9bfd 7f00 | 0041 ffd2 

  0x000001293f980374: ;   {section_word}
  0x000001293f980374: f449 ba75 | 0398 3f29 | 0100 0041 

  0x000001293f980380: ;   {runtime_call DeoptimizationBlob}
  0x000001293f980380: 52e9 1a23 | e7ff f4f4 
[/MachCode]


---------------  P R O C E S S  ---------------

Threads class SMR info:
_java_thread_list=0x000001299fb13dc0, length=20, elements={
0x00000129366fc370, 0x00000129567a64d0, 0x00000129567a7090, 0x00000129567b8a90,
0x00000129567bb560, 0x00000129567bbf20, 0x00000129567bc8e0, 0x00000129567bd2a0,
0x0000012959861fc0, 0x0000012959947a00, 0x0000012959bc6280, 0x0000012959bc6760,
0x000001299f1b9cc0, 0x000001299f3c82e0, 0x000001299f9e0920, 0x000001299f9e1850,
0x0000012959b34f80, 0x0000012959b35eb0, 0x0000012959b363c0, 0x0000012959b35490
}

Java Threads: ( => current thread )
  0x00000129366fc370 JavaThread "main" [_thread_blocked, id=18184, stack(0x00000007e4f00000,0x00000007e5000000)]
  0x00000129567a64d0 JavaThread "Reference Handler" daemon [_thread_blocked, id=2576, stack(0x00000007e5600000,0x00000007e5700000)]
  0x00000129567a7090 JavaThread "Finalizer" daemon [_thread_blocked, id=4900, stack(0x00000007e5700000,0x00000007e5800000)]
  0x00000129567b8a90 JavaThread "Signal Dispatcher" daemon [_thread_blocked, id=28668, stack(0x00000007e5800000,0x00000007e5900000)]
  0x00000129567bb560 JavaThread "Attach Listener" daemon [_thread_blocked, id=20336, stack(0x00000007e5900000,0x00000007e5a00000)]
  0x00000129567bbf20 JavaThread "Service Thread" daemon [_thread_blocked, id=28348, stack(0x00000007e5a00000,0x00000007e5b00000)]
  0x00000129567bc8e0 JavaThread "Monitor Deflation Thread" daemon [_thread_blocked, id=23136, stack(0x00000007e5b00000,0x00000007e5c00000)]
  0x00000129567bd2a0 JavaThread "C1 CompilerThread0" daemon [_thread_blocked, id=20504, stack(0x00000007e5c00000,0x00000007e5d00000)]
  0x0000012959861fc0 JavaThread "Sweeper thread" daemon [_thread_blocked, id=17472, stack(0x00000007e5d00000,0x00000007e5e00000)]
  0x0000012959947a00 JavaThread "Common-Cleaner" daemon [_thread_blocked, id=26012, stack(0x00000007e5e00000,0x00000007e5f00000)]
  0x0000012959bc6280 JavaThread "Monitor Ctrl-Break" daemon [_thread_in_native, id=23312, stack(0x00000007e6200000,0x00000007e6300000)]
  0x0000012959bc6760 JavaThread "Notification Thread" daemon [_thread_blocked, id=11576, stack(0x00000007e6300000,0x00000007e6400000)]
  0x000001299f1b9cc0 JavaThread "RMI TCP Accept-0" daemon [_thread_in_native, id=23092, stack(0x00000007e6400000,0x00000007e6500000)]
  0x000001299f3c82e0 JavaThread "Thread-0" daemon [_thread_in_native, id=2880, stack(0x00000007e6800000,0x00000007e6900000)]
  0x000001299f9e0920 JavaThread "Thread-3" daemon [_thread_in_native, id=22124, stack(0x00000007e7500000,0x00000007e7600000)]
  0x000001299f9e1850 JavaThread "RMI Scheduler(0)" daemon [_thread_blocked, id=23012, stack(0x00000007e7600000,0x00000007e7700000)]
  0x0000012959b34f80 JavaThread "pool-1-thread-1" [_thread_blocked, id=17824, stack(0x00000007e8800000,0x00000007e8900000)]
  0x0000012959b35eb0 JavaThread "SIGINT handler" daemon [_thread_blocked, id=6728, stack(0x00000007e4d00000,0x00000007e4e00000)]
  0x0000012959b363c0 JavaThread "Thread-1" [_thread_in_native, id=22484, stack(0x00000007e4e00000,0x00000007e4f00000)]
=>0x0000012959b35490 JavaThread "Thread-2" [_thread_in_native, id=11932, stack(0x00000007e5f00000,0x00000007e6000000)]

Other Threads:
  0x00000129567a2b20 VMThread "VM Thread" [stack: 0x00000007e5500000,0x00000007e5600000] [id=22564]
  0x0000012959942990 WatcherThread [stack: 0x00000007e6500000,0x00000007e6600000] [id=22112]
  0x00000129367a7c80 GCTaskThread "GC Thread#0" [stack: 0x00000007e5000000,0x00000007e5100000] [id=8352]
  0x000001299fac84c0 GCTaskThread "GC Thread#1" [stack: 0x00000007e6000000,0x00000007e6100000] [id=12648]
  0x000001299fac8b90 GCTaskThread "GC Thread#2" [stack: 0x00000007e7700000,0x00000007e7800000] [id=13384]
  0x000001299fac8e50 GCTaskThread "GC Thread#3" [stack: 0x00000007e7800000,0x00000007e7900000] [id=19892]
  0x000001299fac9110 GCTaskThread "GC Thread#4" [stack: 0x00000007e7900000,0x00000007e7a00000] [id=3232]
  0x000001299fac93d0 GCTaskThread "GC Thread#5" [stack: 0x00000007e7a00000,0x00000007e7b00000] [id=4244]
  0x000001299fac9690 GCTaskThread "GC Thread#6" [stack: 0x00000007e7b00000,0x00000007e7c00000] [id=27984]
  0x000001299fac9950 GCTaskThread "GC Thread#7" [stack: 0x00000007e7c00000,0x00000007e7d00000] [id=23736]
  0x000001299fac9c10 GCTaskThread "GC Thread#8" [stack: 0x00000007e7d00000,0x00000007e7e00000] [id=22296]
  0x000001299faca6f0 GCTaskThread "GC Thread#9" [stack: 0x00000007e7e00000,0x00000007e7f00000] [id=17996]
  0x000001299faca9b0 GCTaskThread "GC Thread#10" [stack: 0x00000007e7f00000,0x00000007e8000000] [id=25756]
  0x000001299facb480 GCTaskThread "GC Thread#11" [stack: 0x00000007e8000000,0x00000007e8100000] [id=21048]
  0x000001299facbb50 GCTaskThread "GC Thread#12" [stack: 0x00000007e8100000,0x00000007e8200000] [id=14976]
  0x000001299fad0440 GCTaskThread "GC Thread#13" [stack: 0x00000007e8200000,0x00000007e8300000] [id=5784]
  0x000001299fad1720 GCTaskThread "GC Thread#14" [stack: 0x00000007e8300000,0x00000007e8400000] [id=21708]
  0x00000129367b95b0 ConcurrentGCThread "G1 Main Marker" [stack: 0x00000007e5100000,0x00000007e5200000] [id=9992]
  0x00000129367b9fd0 ConcurrentGCThread "G1 Conc#0" [stack: 0x00000007e5200000,0x00000007e5300000] [id=544]
  0x00000129566dbd10 ConcurrentGCThread "G1 Refine#0" [stack: 0x00000007e5300000,0x00000007e5400000] [id=5920]
  0x00000129566dd5f0 ConcurrentGCThread "G1 Service" [stack: 0x00000007e5400000,0x00000007e5500000] [id=17500]

Threads with active compile tasks:

VM state: not at safepoint (normal execution)

VM Mutex/Monitor currently owned by a thread: None

Heap address: 0x000000042e800000, size: 8100 MB, Compressed Oops mode: Zero based, Oop shift amount: 3

CDS archive(s) mapped at: [0x000001295a000000-0x000001295abd0000-0x000001295abd0000), size 12386304, SharedBaseAddress: 0x000001295a000000, ArchiveRelocationMode: 1.
Compressed class space mapped at: 0x000001295b000000-0x000001299b000000, reserved size: 1073741824
Narrow klass base: 0x000001295a000000, Narrow klass shift: 0, Narrow klass range: 0x100000000

GC Precious Log:
 CPUs: 20 total, 20 available
 Memory: 32387M
 Large Page Support: Disabled
 NUMA Support: Disabled
 Compressed Oops: Enabled (Zero based)
 Heap Region Size: 4M
 Heap Min Capacity: 8M
 Heap Initial Capacity: 508M
 Heap Max Capacity: 8100M
 Pre-touch: Disabled
 Parallel Workers: 15
 Concurrent Workers: 4
 Concurrent Refinement Workers: 15
 Periodic GC: Disabled

Heap:
 garbage-first heap   total 520192K, used 83244K [0x000000042e800000, 0x0000000628c00000)
  region size 4096K, 21 young (86016K), 1 survivors (4096K)
 Metaspace       used 6408K, committed 6656K, reserved 1114112K
  class space    used 799K, committed 896K, reserved 1048576K

Heap Regions: E=young(eden), S=young(survivor), O=old, HS=humongous(starts), HC=humongous(continues), CS=collection set, F=free, OA=open archive, CA=closed archive, TAMS=top-at-mark-start (previous, next)
|   0|0x000000042e800000, 0x000000042ec00000, 0x000000042ec00000|100%| O|  |TAMS 0x000000042e800000, 0x000000042e800000| Untracked 
|   1|0x000000042ec00000, 0x000000042ece2000, 0x000000042f000000| 22%| O|  |TAMS 0x000000042ec00000, 0x000000042ec00000| Untracked 
|   2|0x000000042f000000, 0x000000042f000000, 0x000000042f400000|  0%| F|  |TAMS 0x000000042f000000, 0x000000042f000000| Untracked 
|   3|0x000000042f400000, 0x000000042f400000, 0x000000042f800000|  0%| F|  |TAMS 0x000000042f400000, 0x000000042f400000| Untracked 
|   4|0x000000042f800000, 0x000000042f800000, 0x000000042fc00000|  0%| F|  |TAMS 0x000000042f800000, 0x000000042f800000| Untracked 
|   5|0x000000042fc00000, 0x000000042fc00000, 0x0000000430000000|  0%| F|  |TAMS 0x000000042fc00000, 0x000000042fc00000| Untracked 
|   6|0x0000000430000000, 0x0000000430000000, 0x0000000430400000|  0%| F|  |TAMS 0x0000000430000000, 0x0000000430000000| Untracked 
|   7|0x0000000430400000, 0x0000000430400000, 0x0000000430800000|  0%| F|  |TAMS 0x0000000430400000, 0x0000000430400000| Untracked 
|   8|0x0000000430800000, 0x0000000430800000, 0x0000000430c00000|  0%| F|  |TAMS 0x0000000430800000, 0x0000000430800000| Untracked 
|   9|0x0000000430c00000, 0x0000000430c00000, 0x0000000431000000|  0%| F|  |TAMS 0x0000000430c00000, 0x0000000430c00000| Untracked 
|  10|0x0000000431000000, 0x0000000431000000, 0x0000000431400000|  0%| F|  |TAMS 0x0000000431000000, 0x0000000431000000| Untracked 
|  11|0x0000000431400000, 0x0000000431400000, 0x0000000431800000|  0%| F|  |TAMS 0x0000000431400000, 0x0000000431400000| Untracked 
|  12|0x0000000431800000, 0x0000000431800000, 0x0000000431c00000|  0%| F|  |TAMS 0x0000000431800000, 0x0000000431800000| Untracked 
|  13|0x0000000431c00000, 0x0000000431c00000, 0x0000000432000000|  0%| F|  |TAMS 0x0000000431c00000, 0x0000000431c00000| Untracked 
|  14|0x0000000432000000, 0x0000000432000000, 0x0000000432400000|  0%| F|  |TAMS 0x0000000432000000, 0x0000000432000000| Untracked 
|  15|0x0000000432400000, 0x0000000432400000, 0x0000000432800000|  0%| F|  |TAMS 0x0000000432400000, 0x0000000432400000| Untracked 
|  16|0x0000000432800000, 0x0000000432800000, 0x0000000432c00000|  0%| F|  |TAMS 0x0000000432800000, 0x0000000432800000| Untracked 
|  17|0x0000000432c00000, 0x0000000432c00000, 0x0000000433000000|  0%| F|  |TAMS 0x0000000432c00000, 0x0000000432c00000| Untracked 
|  18|0x0000000433000000, 0x0000000433000000, 0x0000000433400000|  0%| F|  |TAMS 0x0000000433000000, 0x0000000433000000| Untracked 
|  19|0x0000000433400000, 0x0000000433400000, 0x0000000433800000|  0%| F|  |TAMS 0x0000000433400000, 0x0000000433400000| Untracked 
|  20|0x0000000433800000, 0x0000000433800000, 0x0000000433c00000|  0%| F|  |TAMS 0x0000000433800000, 0x0000000433800000| Untracked 
|  21|0x0000000433c00000, 0x0000000433c00000, 0x0000000434000000|  0%| F|  |TAMS 0x0000000433c00000, 0x0000000433c00000| Untracked 
|  22|0x0000000434000000, 0x0000000434000000, 0x0000000434400000|  0%| F|  |TAMS 0x0000000434000000, 0x0000000434000000| Untracked 
|  23|0x0000000434400000, 0x0000000434400000, 0x0000000434800000|  0%| F|  |TAMS 0x0000000434400000, 0x0000000434400000| Untracked 
|  24|0x0000000434800000, 0x0000000434800000, 0x0000000434c00000|  0%| F|  |TAMS 0x0000000434800000, 0x0000000434800000| Untracked 
|  25|0x0000000434c00000, 0x0000000434c00000, 0x0000000435000000|  0%| F|  |TAMS 0x0000000434c00000, 0x0000000434c00000| Untracked 
|  26|0x0000000435000000, 0x0000000435000000, 0x0000000435400000|  0%| F|  |TAMS 0x0000000435000000, 0x0000000435000000| Untracked 
|  27|0x0000000435400000, 0x0000000435400000, 0x0000000435800000|  0%| F|  |TAMS 0x0000000435400000, 0x0000000435400000| Untracked 
|  28|0x0000000435800000, 0x0000000435800000, 0x0000000435c00000|  0%| F|  |TAMS 0x0000000435800000, 0x0000000435800000| Untracked 
|  29|0x0000000435c00000, 0x0000000435c00000, 0x0000000436000000|  0%| F|  |TAMS 0x0000000435c00000, 0x0000000435c00000| Untracked 
|  30|0x0000000436000000, 0x0000000436000000, 0x0000000436400000|  0%| F|  |TAMS 0x0000000436000000, 0x0000000436000000| Untracked 
|  31|0x0000000436400000, 0x0000000436400000, 0x0000000436800000|  0%| F|  |TAMS 0x0000000436400000, 0x0000000436400000| Untracked 
|  32|0x0000000436800000, 0x0000000436800000, 0x0000000436c00000|  0%| F|  |TAMS 0x0000000436800000, 0x0000000436800000| Untracked 
|  33|0x0000000436c00000, 0x0000000436c00000, 0x0000000437000000|  0%| F|  |TAMS 0x0000000436c00000, 0x0000000436c00000| Untracked 
|  34|0x0000000437000000, 0x0000000437000000, 0x0000000437400000|  0%| F|  |TAMS 0x0000000437000000, 0x0000000437000000| Untracked 
|  35|0x0000000437400000, 0x0000000437400000, 0x0000000437800000|  0%| F|  |TAMS 0x0000000437400000, 0x0000000437400000| Untracked 
|  36|0x0000000437800000, 0x0000000437800000, 0x0000000437c00000|  0%| F|  |TAMS 0x0000000437800000, 0x0000000437800000| Untracked 
|  37|0x0000000437c00000, 0x0000000437c00000, 0x0000000438000000|  0%| F|  |TAMS 0x0000000437c00000, 0x0000000437c00000| Untracked 
|  38|0x0000000438000000, 0x0000000438000000, 0x0000000438400000|  0%| F|  |TAMS 0x0000000438000000, 0x0000000438000000| Untracked 
|  39|0x0000000438400000, 0x0000000438400000, 0x0000000438800000|  0%| F|  |TAMS 0x0000000438400000, 0x0000000438400000| Untracked 
|  40|0x0000000438800000, 0x0000000438800000, 0x0000000438c00000|  0%| F|  |TAMS 0x0000000438800000, 0x0000000438800000| Untracked 
|  41|0x0000000438c00000, 0x0000000438c00000, 0x0000000439000000|  0%| F|  |TAMS 0x0000000438c00000, 0x0000000438c00000| Untracked 
|  42|0x0000000439000000, 0x0000000439000000, 0x0000000439400000|  0%| F|  |TAMS 0x0000000439000000, 0x0000000439000000| Untracked 
|  43|0x0000000439400000, 0x0000000439400000, 0x0000000439800000|  0%| F|  |TAMS 0x0000000439400000, 0x0000000439400000| Untracked 
|  44|0x0000000439800000, 0x0000000439800000, 0x0000000439c00000|  0%| F|  |TAMS 0x0000000439800000, 0x0000000439800000| Untracked 
|  45|0x0000000439c00000, 0x0000000439c00000, 0x000000043a000000|  0%| F|  |TAMS 0x0000000439c00000, 0x0000000439c00000| Untracked 
|  46|0x000000043a000000, 0x000000043a000000, 0x000000043a400000|  0%| F|  |TAMS 0x000000043a000000, 0x000000043a000000| Untracked 
|  47|0x000000043a400000, 0x000000043a400000, 0x000000043a800000|  0%| F|  |TAMS 0x000000043a400000, 0x000000043a400000| Untracked 
|  48|0x000000043a800000, 0x000000043a800000, 0x000000043ac00000|  0%| F|  |TAMS 0x000000043a800000, 0x000000043a800000| Untracked 
|  49|0x000000043ac00000, 0x000000043ac00000, 0x000000043b000000|  0%| F|  |TAMS 0x000000043ac00000, 0x000000043ac00000| Untracked 
|  50|0x000000043b000000, 0x000000043b000000, 0x000000043b400000|  0%| F|  |TAMS 0x000000043b000000, 0x000000043b000000| Untracked 
|  51|0x000000043b400000, 0x000000043b400000, 0x000000043b800000|  0%| F|  |TAMS 0x000000043b400000, 0x000000043b400000| Untracked 
|  52|0x000000043b800000, 0x000000043b800000, 0x000000043bc00000|  0%| F|  |TAMS 0x000000043b800000, 0x000000043b800000| Untracked 
|  53|0x000000043bc00000, 0x000000043bc00000, 0x000000043c000000|  0%| F|  |TAMS 0x000000043bc00000, 0x000000043bc00000| Untracked 
|  54|0x000000043c000000, 0x000000043c000000, 0x000000043c400000|  0%| F|  |TAMS 0x000000043c000000, 0x000000043c000000| Untracked 
|  55|0x000000043c400000, 0x000000043c400000, 0x000000043c800000|  0%| F|  |TAMS 0x000000043c400000, 0x000000043c400000| Untracked 
|  56|0x000000043c800000, 0x000000043c800000, 0x000000043cc00000|  0%| F|  |TAMS 0x000000043c800000, 0x000000043c800000| Untracked 
|  57|0x000000043cc00000, 0x000000043cc00000, 0x000000043d000000|  0%| F|  |TAMS 0x000000043cc00000, 0x000000043cc00000| Untracked 
|  58|0x000000043d000000, 0x000000043d000000, 0x000000043d400000|  0%| F|  |TAMS 0x000000043d000000, 0x000000043d000000| Untracked 
|  59|0x000000043d400000, 0x000000043d400000, 0x000000043d800000|  0%| F|  |TAMS 0x000000043d400000, 0x000000043d400000| Untracked 
|  60|0x000000043d800000, 0x000000043d800000, 0x000000043dc00000|  0%| F|  |TAMS 0x000000043d800000, 0x000000043d800000| Untracked 
|  61|0x000000043dc00000, 0x000000043dc00000, 0x000000043e000000|  0%| F|  |TAMS 0x000000043dc00000, 0x000000043dc00000| Untracked 
|  62|0x000000043e000000, 0x000000043e000000, 0x000000043e400000|  0%| F|  |TAMS 0x000000043e000000, 0x000000043e000000| Untracked 
|  63|0x000000043e400000, 0x000000043e400000, 0x000000043e800000|  0%| F|  |TAMS 0x000000043e400000, 0x000000043e400000| Untracked 
|  64|0x000000043e800000, 0x000000043e800000, 0x000000043ec00000|  0%| F|  |TAMS 0x000000043e800000, 0x000000043e800000| Untracked 
|  65|0x000000043ec00000, 0x000000043ec00000, 0x000000043f000000|  0%| F|  |TAMS 0x000000043ec00000, 0x000000043ec00000| Untracked 
|  66|0x000000043f000000, 0x000000043f000000, 0x000000043f400000|  0%| F|  |TAMS 0x000000043f000000, 0x000000043f000000| Untracked 
|  67|0x000000043f400000, 0x000000043f400000, 0x000000043f800000|  0%| F|  |TAMS 0x000000043f400000, 0x000000043f400000| Untracked 
|  68|0x000000043f800000, 0x000000043f800000, 0x000000043fc00000|  0%| F|  |TAMS 0x000000043f800000, 0x000000043f800000| Untracked 
|  69|0x000000043fc00000, 0x000000043fc00000, 0x0000000440000000|  0%| F|  |TAMS 0x000000043fc00000, 0x000000043fc00000| Untracked 
|  70|0x0000000440000000, 0x0000000440000000, 0x0000000440400000|  0%| F|  |TAMS 0x0000000440000000, 0x0000000440000000| Untracked 
|  71|0x0000000440400000, 0x0000000440400000, 0x0000000440800000|  0%| F|  |TAMS 0x0000000440400000, 0x0000000440400000| Untracked 
|  72|0x0000000440800000, 0x0000000440800000, 0x0000000440c00000|  0%| F|  |TAMS 0x0000000440800000, 0x0000000440800000| Untracked 
|  73|0x0000000440c00000, 0x0000000440c00000, 0x0000000441000000|  0%| F|  |TAMS 0x0000000440c00000, 0x0000000440c00000| Untracked 
|  74|0x0000000441000000, 0x0000000441000000, 0x0000000441400000|  0%| F|  |TAMS 0x0000000441000000, 0x0000000441000000| Untracked 
|  75|0x0000000441400000, 0x0000000441400000, 0x0000000441800000|  0%| F|  |TAMS 0x0000000441400000, 0x0000000441400000| Untracked 
|  76|0x0000000441800000, 0x0000000441800000, 0x0000000441c00000|  0%| F|  |TAMS 0x0000000441800000, 0x0000000441800000| Untracked 
|  77|0x0000000441c00000, 0x0000000441c00000, 0x0000000442000000|  0%| F|  |TAMS 0x0000000441c00000, 0x0000000441c00000| Untracked 
|  78|0x0000000442000000, 0x0000000442000000, 0x0000000442400000|  0%| F|  |TAMS 0x0000000442000000, 0x0000000442000000| Untracked 
|  79|0x0000000442400000, 0x0000000442400000, 0x0000000442800000|  0%| F|  |TAMS 0x0000000442400000, 0x0000000442400000| Untracked 
|  80|0x0000000442800000, 0x0000000442800000, 0x0000000442c00000|  0%| F|  |TAMS 0x0000000442800000, 0x0000000442800000| Untracked 
|  81|0x0000000442c00000, 0x0000000442c00000, 0x0000000443000000|  0%| F|  |TAMS 0x0000000442c00000, 0x0000000442c00000| Untracked 
|  82|0x0000000443000000, 0x0000000443000000, 0x0000000443400000|  0%| F|  |TAMS 0x0000000443000000, 0x0000000443000000| Untracked 
|  83|0x0000000443400000, 0x0000000443400000, 0x0000000443800000|  0%| F|  |TAMS 0x0000000443400000, 0x0000000443400000| Untracked 
|  84|0x0000000443800000, 0x0000000443800000, 0x0000000443c00000|  0%| F|  |TAMS 0x0000000443800000, 0x0000000443800000| Untracked 
|  85|0x0000000443c00000, 0x0000000443c00000, 0x0000000444000000|  0%| F|  |TAMS 0x0000000443c00000, 0x0000000443c00000| Untracked 
|  86|0x0000000444000000, 0x0000000444000000, 0x0000000444400000|  0%| F|  |TAMS 0x0000000444000000, 0x0000000444000000| Untracked 
|  87|0x0000000444400000, 0x0000000444400000, 0x0000000444800000|  0%| F|  |TAMS 0x0000000444400000, 0x0000000444400000| Untracked 
|  88|0x0000000444800000, 0x0000000444800000, 0x0000000444c00000|  0%| F|  |TAMS 0x0000000444800000, 0x0000000444800000| Untracked 
|  89|0x0000000444c00000, 0x0000000444c00000, 0x0000000445000000|  0%| F|  |TAMS 0x0000000444c00000, 0x0000000444c00000| Untracked 
|  90|0x0000000445000000, 0x0000000445000000, 0x0000000445400000|  0%| F|  |TAMS 0x0000000445000000, 0x0000000445000000| Untracked 
|  91|0x0000000445400000, 0x0000000445400000, 0x0000000445800000|  0%| F|  |TAMS 0x0000000445400000, 0x0000000445400000| Untracked 
|  92|0x0000000445800000, 0x0000000445800000, 0x0000000445c00000|  0%| F|  |TAMS 0x0000000445800000, 0x0000000445800000| Untracked 
|  93|0x0000000445c00000, 0x0000000445c00000, 0x0000000446000000|  0%| F|  |TAMS 0x0000000445c00000, 0x0000000445c00000| Untracked 
|  94|0x0000000446000000, 0x0000000446000000, 0x0000000446400000|  0%| F|  |TAMS 0x0000000446000000, 0x0000000446000000| Untracked 
|  95|0x0000000446400000, 0x0000000446400000, 0x0000000446800000|  0%| F|  |TAMS 0x0000000446400000, 0x0000000446400000| Untracked 
|  96|0x0000000446800000, 0x0000000446800000, 0x0000000446c00000|  0%| F|  |TAMS 0x0000000446800000, 0x0000000446800000| Untracked 
|  97|0x0000000446c00000, 0x0000000446c00000, 0x0000000447000000|  0%| F|  |TAMS 0x0000000446c00000, 0x0000000446c00000| Untracked 
|  98|0x0000000447000000, 0x0000000447000000, 0x0000000447400000|  0%| F|  |TAMS 0x0000000447000000, 0x0000000447000000| Untracked 
|  99|0x0000000447400000, 0x0000000447400000, 0x0000000447800000|  0%| F|  |TAMS 0x0000000447400000, 0x0000000447400000| Untracked 
| 100|0x0000000447800000, 0x0000000447800000, 0x0000000447c00000|  0%| F|  |TAMS 0x0000000447800000, 0x0000000447800000| Untracked 
| 101|0x0000000447c00000, 0x0000000447c00000, 0x0000000448000000|  0%| F|  |TAMS 0x0000000447c00000, 0x0000000447c00000| Untracked 
| 102|0x0000000448000000, 0x0000000448000000, 0x0000000448400000|  0%| F|  |TAMS 0x0000000448000000, 0x0000000448000000| Untracked 
| 103|0x0000000448400000, 0x0000000448400000, 0x0000000448800000|  0%| F|  |TAMS 0x0000000448400000, 0x0000000448400000| Untracked 
| 104|0x0000000448800000, 0x0000000448800000, 0x0000000448c00000|  0%| F|  |TAMS 0x0000000448800000, 0x0000000448800000| Untracked 
| 105|0x0000000448c00000, 0x0000000448c00000, 0x0000000449000000|  0%| F|  |TAMS 0x0000000448c00000, 0x0000000448c00000| Untracked 
| 106|0x0000000449000000, 0x0000000449180148, 0x0000000449400000| 37%| E|  |TAMS 0x0000000449000000, 0x0000000449000000| Complete 
| 107|0x0000000449400000, 0x0000000449800000, 0x0000000449800000|100%| E|CS|TAMS 0x0000000449400000, 0x0000000449400000| Complete 
| 108|0x0000000449800000, 0x0000000449c00000, 0x0000000449c00000|100%| E|CS|TAMS 0x0000000449800000, 0x0000000449800000| Complete 
| 109|0x0000000449c00000, 0x000000044a000000, 0x000000044a000000|100%| E|CS|TAMS 0x0000000449c00000, 0x0000000449c00000| Complete 
| 110|0x000000044a000000, 0x000000044a400000, 0x000000044a400000|100%| E|CS|TAMS 0x000000044a000000, 0x000000044a000000| Complete 
| 111|0x000000044a400000, 0x000000044a800000, 0x000000044a800000|100%| E|CS|TAMS 0x000000044a400000, 0x000000044a400000| Complete 
| 112|0x000000044a800000, 0x000000044ac00000, 0x000000044ac00000|100%| E|CS|TAMS 0x000000044a800000, 0x000000044a800000| Complete 
| 113|0x000000044ac00000, 0x000000044b000000, 0x000000044b000000|100%| E|CS|TAMS 0x000000044ac00000, 0x000000044ac00000| Complete 
| 114|0x000000044b000000, 0x000000044b400000, 0x000000044b400000|100%| E|CS|TAMS 0x000000044b000000, 0x000000044b000000| Complete 
| 115|0x000000044b400000, 0x000000044b800000, 0x000000044b800000|100%| E|CS|TAMS 0x000000044b400000, 0x000000044b400000| Complete 
| 116|0x000000044b800000, 0x000000044bc00000, 0x000000044bc00000|100%| E|CS|TAMS 0x000000044b800000, 0x000000044b800000| Complete 
| 117|0x000000044bc00000, 0x000000044c000000, 0x000000044c000000|100%| E|CS|TAMS 0x000000044bc00000, 0x000000044bc00000| Complete 
| 118|0x000000044c000000, 0x000000044c400000, 0x000000044c400000|100%| E|CS|TAMS 0x000000044c000000, 0x000000044c000000| Complete 
| 119|0x000000044c400000, 0x000000044c4691e0, 0x000000044c800000| 10%| S|CS|TAMS 0x000000044c400000, 0x000000044c400000| Complete 
| 120|0x000000044c800000, 0x000000044cc00000, 0x000000044cc00000|100%| E|CS|TAMS 0x000000044c800000, 0x000000044c800000| Complete 
| 121|0x000000044cc00000, 0x000000044d000000, 0x000000044d000000|100%| E|CS|TAMS 0x000000044cc00000, 0x000000044cc00000| Complete 
| 122|0x000000044d000000, 0x000000044d400000, 0x000000044d400000|100%| E|CS|TAMS 0x000000044d000000, 0x000000044d000000| Complete 
| 123|0x000000044d400000, 0x000000044d800000, 0x000000044d800000|100%| E|CS|TAMS 0x000000044d400000, 0x000000044d400000| Complete 
| 124|0x000000044d800000, 0x000000044dc00000, 0x000000044dc00000|100%| E|CS|TAMS 0x000000044d800000, 0x000000044d800000| Complete 
| 125|0x000000044dc00000, 0x000000044e000000, 0x000000044e000000|100%| E|CS|TAMS 0x000000044dc00000, 0x000000044dc00000| Complete 
| 126|0x000000044e000000, 0x000000044e400000, 0x000000044e400000|100%| E|CS|TAMS 0x000000044e000000, 0x000000044e000000| Complete 

Card table byte_map: [0x00000129447e0000,0x00000129457c0000] _byte_map_base: 0x000001294266c000

Marking Bits (Prev, Next): (CMBitMap*) 0x00000129367a82a0, (CMBitMap*) 0x00000129367a82e0
 Prev Bits: [0x00000129467a0000, 0x000001294e630000)
 Next Bits: [0x000001294e630000, 0x00000129564c0000)

Polling page: 0x0000012936b60000

Metaspace:

Usage:
  Non-class:      5.48 MB used.
      Class:    799.43 KB used.
       Both:      6.26 MB used.

Virtual space:
  Non-class space:       64.00 MB reserved,       5.62 MB (  9%) committed,  1 nodes.
      Class space:        1.00 GB reserved,     896.00 KB ( <1%) committed,  1 nodes.
             Both:        1.06 GB reserved,       6.50 MB ( <1%) committed. 

Chunk freelists:
   Non-Class:  9.92 MB
       Class:  15.07 MB
        Both:  24.99 MB

MaxMetaspaceSize: unlimited
CompressedClassSpaceSize: 1.00 GB
Initial GC threshold: 21.00 MB
Current GC threshold: 21.00 MB
CDS: on
MetaspaceReclaimPolicy: balanced
 - commit_granule_bytes: 65536.
 - commit_granule_words: 8192.
 - virtual_space_node_default_size: 8388608.
 - enlarge_chunks_in_place: 1.
 - new_chunks_are_fully_committed: 0.
 - uncommit_free_chunks: 1.
 - use_allocation_guard: 0.
 - handle_deallocations: 1.


Internal statistics:

num_allocs_failed_limit: 0.
num_arena_births: 176.
num_arena_deaths: 0.
num_vsnodes_births: 2.
num_vsnodes_deaths: 0.
num_space_committed: 104.
num_space_uncommitted: 0.
num_chunks_returned_to_freelist: 0.
num_chunks_taken_from_freelist: 283.
num_chunk_merges: 0.
num_chunk_splits: 164.
num_chunks_enlarged: 71.
num_inconsistent_stats: 0.

CodeCache: size=49152Kb used=4621Kb max_used=10070Kb free=44530Kb
 bounds [0x000001293f7a0000, 0x00000129401d0000, 0x00000129427a0000]
 total_blobs=2767 nmethods=2265 adapters=429
 compilation: enabled
              stopped_count=0, restarted_count=0
 full_count=0

Compilation events (20 events):
Event: 430.591 Thread 0x00000129567bd2a0 2256       1       java.time.LocalTime::get0 (255 bytes)
Event: 430.592 Thread 0x00000129567bd2a0 nmethod 2256 0x000001293fbe0690 code [0x000001293fbe0940, 0x000001293fbe12b8]
Event: 430.592 Thread 0x00000129567bd2a0 2257       1       java.lang.Character::isHighSurrogate (18 bytes)
Event: 430.592 Thread 0x00000129567bd2a0 nmethod 2257 0x000001293fbe0390 code [0x000001293fbe0520, 0x000001293fbe05f8]
Event: 447.018 Thread 0x00000129567bd2a0 2259       1       java.util.regex.CharPredicates$$Lambda$20/0x800000029::is (5 bytes)
Event: 447.018 Thread 0x00000129567bd2a0 nmethod 2259 0x000001293fbe0090 code [0x000001293fbe0220, 0x000001293fbe0338]
Event: 447.018 Thread 0x00000129567bd2a0 2262       1       java.util.regex.Pattern$BmpCharPropertyGreedy::match (89 bytes)
Event: 447.019 Thread 0x00000129567bd2a0 nmethod 2262 0x000001293fbdfa90 code [0x000001293fbdfc60, 0x000001293fbdfee8]
Event: 447.019 Thread 0x00000129567bd2a0 2260       1       java.util.regex.CharPredicates::lambda$ASCII_DIGIT$18 (20 bytes)
Event: 447.019 Thread 0x00000129567bd2a0 nmethod 2260 0x000001293fbdf790 code [0x000001293fbdf920, 0x000001293fbdfa18]
Event: 447.019 Thread 0x00000129567bd2a0 2261       1       java.util.regex.ASCII::isDigit (18 bytes)
Event: 447.019 Thread 0x00000129567bd2a0 nmethod 2261 0x000001293fbdf490 code [0x000001293fbdf620, 0x000001293fbdf6f8]
Event: 447.019 Thread 0x00000129567bd2a0 2258       1       jdk.internal.math.FloatingDecimal$BinaryToASCIIBuffer::setSign (6 bytes)
Event: 447.019 Thread 0x00000129567bd2a0 nmethod 2258 0x000001293fbdf190 code [0x000001293fbdf320, 0x000001293fbdf3f8]
Event: 480.637 Thread 0x00000129567bd2a0 2263       1       java.util.concurrent.ThreadPoolExecutor::execute (132 bytes)
Event: 480.637 Thread 0x00000129567bd2a0 nmethod 2263 0x000001293fbde810 code [0x000001293fbdea40, 0x000001293fbdeee8]
Event: 480.637 Thread 0x00000129567bd2a0 2264       1       java.lang.Math::floorDiv (31 bytes)
Event: 480.637 Thread 0x00000129567bd2a0 nmethod 2264 0x000001293fbde490 code [0x000001293fbde620, 0x000001293fbde738]
Event: 481.125 Thread 0x00000129567bd2a0 2265       1       java.lang.Math::floorMod (29 bytes)
Event: 481.125 Thread 0x00000129567bd2a0 nmethod 2265 0x000001293fbde110 code [0x000001293fbde2a0, 0x000001293fbde3b8]

GC Heap History (4 events):
Event: 3.598 GC heap before
{Heap before GC invocations=0 (full 0):
 garbage-first heap   total 520192K, used 20480K [0x000000042e800000, 0x0000000628c00000)
  region size 4096K, 6 young (24576K), 0 survivors (0K)
 Metaspace       used 6290K, committed 6528K, reserved 1114112K
  class space    used 782K, committed 896K, reserved 1048576K
}
Event: 3.604 GC heap after
{Heap after GC invocations=1 (full 0):
 garbage-first heap   total 520192K, used 4901K [0x000000042e800000, 0x0000000628c00000)
  region size 4096K, 1 young (4096K), 1 survivors (4096K)
 Metaspace       used 6290K, committed 6528K, reserved 1114112K
  class space    used 782K, committed 896K, reserved 1048576K
}
Event: 104.018 GC heap before
{Heap before GC invocations=1 (full 0):
 garbage-first heap   total 520192K, used 29477K [0x000000042e800000, 0x0000000628c00000)
  region size 4096K, 7 young (28672K), 1 survivors (4096K)
 Metaspace       used 6400K, committed 6656K, reserved 1114112K
  class space    used 798K, committed 896K, reserved 1048576K
}
Event: 104.020 GC heap after
{Heap after GC invocations=2 (full 0):
 garbage-first heap   total 520192K, used 5420K [0x000000042e800000, 0x0000000628c00000)
  region size 4096K, 1 young (4096K), 1 survivors (4096K)
 Metaspace       used 6400K, committed 6656K, reserved 1114112K
  class space    used 798K, committed 896K, reserved 1048576K
}

Deoptimization events (0 events):
No events

Classes unloaded (0 events):
No events

Classes redefined (0 events):
No events

Internal exceptions (20 events):
Event: 1.067 Thread 0x000001299f9e2780 Exception <a 'java/lang/NoSuchMethodError'{0x000000044cc670e0}: static [B.<clinit>()V> (0x000000044cc670e0) 
thrown [s\open\src\hotspot\share\prims\jni.cpp, line 1107]
Event: 1.070 Thread 0x000001299f9e2780 Exception <a 'java/lang/ClassNotFoundException'{0x000000044cd03130}: javax/management/remote/rmi/RMIConnectionImpl_Skel> (0x000000044cd03130) 
thrown [s\open\src\hotspot\share\classfile\systemDictionary.cpp, line 256]
Event: 1.071 Thread 0x000001299f9e2270 Exception <a 'java/lang/NoSuchMethodError'{0x000000044cd8ed90}: 'java.lang.Object java.lang.invoke.Invokers$Holder.linkToTargetMethod(java.lang.Object, long, java.lang.Object)'> (0x000000044cd8ed90) 
thrown [s\open\src\hotspot\share\interpreter\linkResolver.cpp, line 759]
Event: 1.074 Thread 0x000001299f9e2780 Exception <a 'java/lang/reflect/InvocationTargetException'{0x000000044cd3b108}> (0x000000044cd3b108) 
thrown [s\open\src\hotspot\share\runtime\reflection.cpp, line 1121]
Event: 1.076 Thread 0x000001299f9e2780 Exception <a 'java/lang/NoSuchMethodError'{0x000000044cd659c8}: static [Ljava/lang/StackTraceElement;.<clinit>()V> (0x000000044cd659c8) 
thrown [s\open\src\hotspot\share\prims\jni.cpp, line 1107]
Event: 1.583 Thread 0x000001299f9e2780 Exception <a 'java/lang/reflect/InvocationTargetException'{0x000000044cdfd8c0}> (0x000000044cdfd8c0) 
thrown [s\open\src\hotspot\share\runtime\reflection.cpp, line 1121]
Event: 2.088 Thread 0x000001299f9e2780 Exception <a 'java/lang/reflect/InvocationTargetException'{0x000000044ce09d90}> (0x000000044ce09d90) 
thrown [s\open\src\hotspot\share\runtime\reflection.cpp, line 1121]
Event: 2.592 Thread 0x000001299f9e2780 Exception <a 'java/lang/reflect/InvocationTargetException'{0x000000044ce16300}> (0x000000044ce16300) 
thrown [s\open\src\hotspot\share\runtime\reflection.cpp, line 1121]
Event: 3.095 Thread 0x000001299f9e2780 Exception <a 'java/lang/reflect/InvocationTargetException'{0x000000044ce227d0}> (0x000000044ce227d0) 
thrown [s\open\src\hotspot\share\runtime\reflection.cpp, line 1121]
Event: 3.605 Thread 0x000001299f9e2780 Exception <a 'java/lang/reflect/InvocationTargetException'{0x000000044e006c80}> (0x000000044e006c80) 
thrown [s\open\src\hotspot\share\runtime\reflection.cpp, line 1121]
Event: 4.110 Thread 0x000001299f9e2780 Exception <a 'java/lang/reflect/InvocationTargetException'{0x000000044e013470}> (0x000000044e013470) 
thrown [s\open\src\hotspot\share\runtime\reflection.cpp, line 1121]
Event: 4.621 Thread 0x000001299f9e2270 Exception <a 'java/lang/reflect/InvocationTargetException'{0x000000044e0e2ce8}> (0x000000044e0e2ce8) 
thrown [s\open\src\hotspot\share\runtime\reflection.cpp, line 1121]
Event: 5.125 Thread 0x000001299f9e2270 Exception <a 'java/lang/reflect/InvocationTargetException'{0x000000044e0fa550}> (0x000000044e0fa550) 
thrown [s\open\src\hotspot\share\runtime\reflection.cpp, line 1121]
Event: 5.630 Thread 0x000001299f9e2270 Exception <a 'java/lang/reflect/InvocationTargetException'{0x000000044e106a30}> (0x000000044e106a30) 
thrown [s\open\src\hotspot\share\runtime\reflection.cpp, line 1121]
Event: 6.146 Thread 0x000001299f9e36b0 Exception <a 'java/lang/reflect/InvocationTargetException'{0x000000044e13c5c0}> (0x000000044e13c5c0) 
thrown [s\open\src\hotspot\share\runtime\reflection.cpp, line 1121]
Event: 6.651 Thread 0x000001299f9e36b0 Exception <a 'java/lang/reflect/InvocationTargetException'{0x000000044e1861c8}> (0x000000044e1861c8) 
thrown [s\open\src\hotspot\share\runtime\reflection.cpp, line 1121]
Event: 7.154 Thread 0x000001299f9e36b0 Exception <a 'java/lang/reflect/InvocationTargetException'{0x000000044e1a8c10}> (0x000000044e1a8c10) 
thrown [s\open\src\hotspot\share\runtime\reflection.cpp, line 1121]
Event: 7.657 Thread 0x000001299f9e36b0 Exception <a 'java/lang/reflect/InvocationTargetException'{0x000000044e1c03a0}> (0x000000044e1c03a0) 
thrown [s\open\src\hotspot\share\runtime\reflection.cpp, line 1121]
Event: 8.161 Thread 0x000001299f9e36b0 Exception <a 'java/lang/reflect/InvocationTargetException'{0x000000044e1e5820}> (0x000000044e1e5820) 
thrown [s\open\src\hotspot\share\runtime\reflection.cpp, line 1121]
Event: 8.667 Thread 0x000001299f9e36b0 Exception <a 'java/lang/reflect/InvocationTargetException'{0x000000044e208c08}> (0x000000044e208c08) 
thrown [s\open\src\hotspot\share\runtime\reflection.cpp, line 1121]

VM Operations (20 events):
Event: 246.491 Executing VM operation: Cleanup
Event: 246.491 Executing VM operation: Cleanup done
Event: 249.507 Executing VM operation: Cleanup
Event: 249.507 Executing VM operation: Cleanup done
Event: 253.553 Executing VM operation: Cleanup
Event: 253.553 Executing VM operation: Cleanup done
Event: 300.478 Executing VM operation: HandshakeAllThreads
Event: 300.478 Executing VM operation: HandshakeAllThreads done
Event: 370.154 Executing VM operation: Cleanup
Event: 370.154 Executing VM operation: Cleanup done
Event: 376.203 Executing VM operation: Cleanup
Event: 376.203 Executing VM operation: Cleanup done
Event: 389.333 Executing VM operation: Cleanup
Event: 389.333 Executing VM operation: Cleanup done
Event: 420.622 Executing VM operation: Cleanup
Event: 420.622 Executing VM operation: Cleanup done
Event: 429.733 Executing VM operation: Cleanup
Event: 429.733 Executing VM operation: Cleanup done
Event: 430.745 Executing VM operation: Cleanup
Event: 430.745 Executing VM operation: Cleanup done

Events (20 events):
Event: 427.587 Thread 0x0000012959b359a0 Thread added: 0x0000012959b359a0
Event: 430.590 Thread 0x0000012959b359a0 Thread exited: 0x0000012959b359a0
Event: 481.124 loading class jdk/internal/misc/Signal$1
Event: 481.124 loading class jdk/internal/misc/Signal$1 done
Event: 481.124 Thread 0x0000012959b35eb0 Thread added: 0x0000012959b35eb0
Event: 481.124 Thread 0x0000012959b363c0 Thread added: 0x0000012959b363c0
Event: 481.124 Thread 0x0000012959b35490 Thread added: 0x0000012959b35490
Event: 481.124 Thread 0x0000012959b34050 Thread added: 0x0000012959b34050
Event: 481.124 Thread 0x0000012959b34050 Thread exited: 0x0000012959b34050
Event: 481.124 Thread 0x000001299f6737f0 Thread exited: 0x000001299f6737f0
Event: 481.124 Thread 0x000001299f6bce90 Thread exited: 0x000001299f6bce90
Event: 481.124 Thread 0x000001299f673310 Thread exited: 0x000001299f673310
Event: 481.124 Thread 0x000001299f9e2c90 Thread exited: 0x000001299f9e2c90
Event: 481.124 Thread 0x000001299f9e3bc0 Thread exited: 0x000001299f9e3bc0
Event: 481.124 Thread 0x000001299f928030 Thread exited: 0x000001299f928030
Event: 481.124 Thread 0x000001299f9e0e30 Thread exited: 0x000001299f9e0e30
Event: 481.124 Thread 0x000001299f9e1d60 Thread exited: 0x000001299f9e1d60
Event: 481.124 Thread 0x000001299f9e1340 Thread exited: 0x000001299f9e1340
Event: 481.124 Thread 0x000001299f9e40d0 Thread exited: 0x000001299f9e40d0
Event: 481.125 Thread 0x000001299f9e31a0 Thread exited: 0x000001299f9e31a0


Dynamic libraries:
0x00007ff636f30000 - 0x00007ff636f40000 	C:\Program Files\Java\jdk-17\bin\java.exe
0x00007ffe5f400000 - 0x00007ffe5f669000 	C:\WINDOWS\SYSTEM32\ntdll.dll
0x00007ffe5df60000 - 0x00007ffe5e029000 	C:\WINDOWS\System32\KERNEL32.DLL
0x00007ffe5c630000 - 0x00007ffe5ca23000 	C:\WINDOWS\System32\KERNELBASE.dll
0x00007ffe5d080000 - 0x00007ffe5d1cb000 	C:\WINDOWS\System32\ucrtbase.dll
0x00007ffdabfe0000 - 0x00007ffdabff9000 	C:\Program Files\Java\jdk-17\bin\jli.dll
0x00007ffdac000000 - 0x00007ffdac01b000 	C:\Program Files\Java\jdk-17\bin\VCRUNTIME140.dll
0x00007ffe5dcc0000 - 0x00007ffe5dd74000 	C:\WINDOWS\System32\ADVAPI32.dll
0x00007ffe5e030000 - 0x00007ffe5e0d9000 	C:\WINDOWS\System32\msvcrt.dll
0x00007ffe5d3f0000 - 0x00007ffe5d496000 	C:\WINDOWS\System32\sechost.dll
0x00007ffe5d1d0000 - 0x00007ffe5d2e8000 	C:\WINDOWS\System32\RPCRT4.dll
0x00007ffe5d820000 - 0x00007ffe5d9e4000 	C:\WINDOWS\System32\USER32.dll
0x00007ffe5ced0000 - 0x00007ffe5cef7000 	C:\WINDOWS\System32\win32u.dll
0x00007ffe44350000 - 0x00007ffe445e3000 	C:\WINDOWS\WinSxS\amd64_microsoft.windows.common-controls_6595b64144ccf1df_6.0.26100.5074_none_3e0d6f78e32fd63f\COMCTL32.dll
0x00007ffe5dd80000 - 0x00007ffe5ddab000 	C:\WINDOWS\System32\GDI32.dll
0x00007ffe5ca30000 - 0x00007ffe5cb5d000 	C:\WINDOWS\System32\gdi32full.dll
0x00007ffe5cbf0000 - 0x00007ffe5cc93000 	C:\WINDOWS\System32\msvcp_win.dll
0x00007ffe541a0000 - 0x00007ffe541ab000 	C:\WINDOWS\SYSTEM32\VERSION.dll
0x00007ffe5e150000 - 0x00007ffe5e17f000 	C:\WINDOWS\System32\IMM32.DLL
0x00007ffdabfd0000 - 0x00007ffdabfdc000 	C:\Program Files\Java\jdk-17\bin\vcruntime140_1.dll
0x00007ffdabf40000 - 0x00007ffdabfce000 	C:\Program Files\Java\jdk-17\bin\msvcp140.dll
0x00007ffd9af90000 - 0x00007ffd9bb6f000 	C:\Program Files\Java\jdk-17\bin\server\jvm.dll
0x00007ffe5df50000 - 0x00007ffe5df58000 	C:\WINDOWS\System32\PSAPI.DLL
0x00007ffe419d0000 - 0x00007ffe419da000 	C:\WINDOWS\SYSTEM32\WSOCK32.dll
0x00007ffe5e4c0000 - 0x00007ffe5e534000 	C:\WINDOWS\System32\WS2_32.dll
0x00007ffe52780000 - 0x00007ffe527b5000 	C:\WINDOWS\SYSTEM32\WINMM.dll
0x00007ffe5b490000 - 0x00007ffe5b4ab000 	C:\WINDOWS\SYSTEM32\kernel.appcore.dll
0x00007ffdabf30000 - 0x00007ffdabf3a000 	C:\Program Files\Java\jdk-17\bin\jimage.dll
0x00007ffe59dd0000 - 0x00007ffe5a012000 	C:\WINDOWS\SYSTEM32\DBGHELP.DLL
0x00007ffe5d4a0000 - 0x00007ffe5d81b000 	C:\WINDOWS\System32\combase.dll
0x00007ffe5dbe0000 - 0x00007ffe5dcb7000 	C:\WINDOWS\System32\OLEAUT32.dll
0x00007ffe4e1d0000 - 0x00007ffe4e20d000 	C:\WINDOWS\SYSTEM32\dbgcore.DLL
0x00007ffe5c590000 - 0x00007ffe5c629000 	C:\WINDOWS\System32\bcryptPrimitives.dll
0x00007ffe58400000 - 0x00007ffe5840e000 	C:\Program Files\Java\jdk-17\bin\instrument.dll
0x00007ffdabf00000 - 0x00007ffdabf25000 	C:\Program Files\Java\jdk-17\bin\java.dll
0x00007ffdac0e0000 - 0x00007ffdac1b7000 	C:\Program Files\Java\jdk-17\bin\jsvml.dll
0x00007ffe5e6d0000 - 0x00007ffe5ee1d000 	C:\WINDOWS\System32\SHELL32.dll
0x00007ffe5cca0000 - 0x00007ffe5ce0c000 	C:\WINDOWS\System32\wintypes.dll
0x00007ffe5a230000 - 0x00007ffe5aa89000 	C:\WINDOWS\SYSTEM32\windows.storage.dll
0x00007ffe5d2f0000 - 0x00007ffe5d3e0000 	C:\WINDOWS\System32\SHCORE.dll
0x00007ffe5e0e0000 - 0x00007ffe5e142000 	C:\WINDOWS\System32\shlwapi.dll
0x00007ffe5c4b0000 - 0x00007ffe5c4d9000 	C:\WINDOWS\SYSTEM32\profapi.dll
0x00007ffdac080000 - 0x00007ffdac098000 	C:\Program Files\Java\jdk-17\bin\zip.dll
0x00007ffdac0c0000 - 0x00007ffdac0d9000 	C:\Program Files\Java\jdk-17\bin\net.dll
0x00007ffe56200000 - 0x00007ffe5631f000 	C:\WINDOWS\SYSTEM32\WINHTTP.dll
0x00007ffe5ba10000 - 0x00007ffe5ba7b000 	C:\WINDOWS\system32\mswsock.dll
0x00007ffdac0a0000 - 0x00007ffdac0b6000 	C:\Program Files\Java\jdk-17\bin\nio.dll
0x00007ffe583e0000 - 0x00007ffe583fa000 	C:\Program Files\JetBrains\IntelliJ IDEA 2022.2.5\bin\breakgen64.dll
0x00007ffe5afb0000 - 0x00007ffe5b0d6000 	C:\WINDOWS\SYSTEM32\DNSAPI.dll
0x00007ffe5aed0000 - 0x00007ffe5af04000 	C:\WINDOWS\SYSTEM32\IPHLPAPI.DLL
0x00007ffe5db40000 - 0x00007ffe5db4a000 	C:\WINDOWS\System32\NSI.dll
0x00007ffe55350000 - 0x00007ffe5535b000 	C:\Windows\System32\rasadhlp.dll
0x00007ffe56e40000 - 0x00007ffe56ec6000 	C:\WINDOWS\System32\fwpuclnt.dll
0x00007ffe583d0000 - 0x00007ffe583da000 	C:\Program Files\Java\jdk-17\bin\management.dll
0x00007ffe58240000 - 0x00007ffe5824b000 	C:\Program Files\Java\jdk-17\bin\management_ext.dll
0x00007ffe5bcb0000 - 0x00007ffe5bccb000 	C:\WINDOWS\SYSTEM32\CRYPTSP.dll
0x00007ffe5b3f0000 - 0x00007ffe5b42b000 	C:\WINDOWS\system32\rsaenh.dll
0x00007ffe5bab0000 - 0x00007ffe5badb000 	C:\WINDOWS\SYSTEM32\USERENV.dll
0x00007ffe5c480000 - 0x00007ffe5c4a6000 	C:\WINDOWS\SYSTEM32\bcrypt.dll
0x00007ffe5bcd0000 - 0x00007ffe5bcdc000 	C:\WINDOWS\SYSTEM32\CRYPTBASE.dll
0x00007ffe563f0000 - 0x00007ffe5640e000 	C:\WINDOWS\SYSTEM32\dhcpcsvc6.DLL
0x00007ffe563c0000 - 0x00007ffe563e3000 	C:\WINDOWS\SYSTEM32\dhcpcsvc.DLL
0x00007ffe2d5a0000 - 0x00007ffe2d5b8000 	C:\WINDOWS\system32\napinsp.dll
0x00007ffe2a610000 - 0x00007ffe2a622000 	C:\WINDOWS\System32\winrnr.dll
0x00007ffe4ce50000 - 0x00007ffe4ce78000 	C:\WINDOWS\system32\nlansp_c.dll
0x00007ffe4ce30000 - 0x00007ffe4ce46000 	C:\WINDOWS\system32\wshbth.dll
0x00007ffdcaa50000 - 0x00007ffdcacd2000 	C:\Program Files (x86)\ZRDDS\ZRDDS-2.4.4\lib\ZRDDS_JAVA.dll
0x00007ffe5b730000 - 0x00007ffe5b779000 	C:\WINDOWS\SYSTEM32\SspiCli.dll

dbghelp: loaded successfully - version: 4.0.5 - missing functions: none
symbol engine: initialized successfully - sym options: 0x614 - pdb path: .;C:\Program Files\Java\jdk-17\bin;C:\WINDOWS\SYSTEM32;C:\WINDOWS\WinSxS\amd64_microsoft.windows.common-controls_6595b64144ccf1df_6.0.26100.5074_none_3e0d6f78e32fd63f;C:\Program Files\Java\jdk-17\bin\server;C:\Program Files\JetBrains\IntelliJ IDEA 2022.2.5\bin;C:\Program Files (x86)\ZRDDS\ZRDDS-2.4.4\lib

VM Arguments:
jvm_args: -Djava.library.path=C:\Program Files (x86)\ZRDDS\ZRDDS-2.4.4\lib -XX:TieredStopAtLevel=1 -Dspring.output.ansi.enabled=always -Dcom.sun.management.jmxremote -Dspring.jmx.enabled=true -Dspring.liveBeansView.mbeanDomain -Dspring.application.admin.enabled=true -javaagent:C:\Program Files\JetBrains\IntelliJ IDEA 2022.2.5\lib\idea_rt.jar=64123:C:\Program Files\JetBrains\IntelliJ IDEA 2022.2.5\bin -Dfile.encoding=UTF-8 
java_command: HomeSimulator.HomeSimulator
java_class_path (initial): C:\Users\30103\Desktop\summer school\smart-home-demo-backend\HomeSimulator\target\classes;C:\Program Files (x86)\ZRDDS\ZRDDS-2.4.4\lib\ZRDDS.jar;C:\Users\30103\.m2\repository\org\springframework\boot\spring-boot-starter-web\2.7.0\spring-boot-starter-web-2.7.0.jar;C:\Users\30103\.m2\repository\org\springframework\boot\spring-boot-starter\2.7.0\spring-boot-starter-2.7.0.jar;C:\Users\30103\.m2\repository\org\springframework\boot\spring-boot\2.7.0\spring-boot-2.7.0.jar;C:\Users\30103\.m2\repository\org\springframework\boot\spring-boot-autoconfigure\2.7.0\spring-boot-autoconfigure-2.7.0.jar;C:\Users\30103\.m2\repository\org\springframework\boot\spring-boot-starter-logging\2.7.0\spring-boot-starter-logging-2.7.0.jar;C:\Users\30103\.m2\repository\ch\qos\logback\logback-classic\1.2.11\logback-classic-1.2.11.jar;C:\Users\30103\.m2\repository\ch\qos\logback\logback-core\1.2.11\logback-core-1.2.11.jar;C:\Users\30103\.m2\repository\org\slf4j\slf4j-api\1.7.36\slf4j-api-1.7.36.jar;C:\Users\30103\.m2\repository\org\apache\logging\log4j\log4j-to-slf4j\2.17.2\log4j-to-slf4j-2.17.2.jar;C:\Users\30103\.m2\repository\org\apache\logging\log4j\log4j-api\2.17.2\log4j-api-2.17.2.jar;C:\Users\30103\.m2\repository\org\slf4j\jul-to-slf4j\1.7.36\jul-to-slf4j-1.7.36.jar;C:\Users\30103\.m2\repository\jakarta\annotation\jakarta.annotation-api\1.3.5\jakarta.annotation-api-1.3.5.jar;C:\Users\30103\.m2\repository\org\springframework\spring-core\5.3.20\spring-core-5.3.20.jar;C:\Users\30103\.m2\repository\org\springframework\spring-jcl\5.3.20\spring-jcl-5.3.20.jar;C:\Users\30103\.m2\repository\org\yaml\snakeyaml\1.30\snakeyaml-1.30.jar;C:\Users\30103\.m2\repository\org\springframework\boot\spring-boot-starter-json\2.7.0\spring-boot-starter-json-2.7.0.jar;C:\Users\30103\.m2\repository\com\fasterxml\jackson\core\jackson-databind\2.13.3\jackson-databind-2.13.3.jar;C:\Users\30103\.m2\repository\com\fasterxml\jackson\core\jackson-annotations\2.13.3\jackson-annotations-2.13.3.ja
Launcher Type: SUN_STANDARD

[Global flags]
     intx CICompilerCount                          = 12                                        {product} {ergonomic}
     uint ConcGCThreads                            = 4                                         {product} {ergonomic}
     uint G1ConcRefinementThreads                  = 15                                        {product} {ergonomic}
   size_t G1HeapRegionSize                         = 4194304                                   {product} {ergonomic}
    uintx GCDrainStackTargetSize                   = 64                                        {product} {ergonomic}
   size_t InitialHeapSize                          = 532676608                                 {product} {ergonomic}
     bool ManagementServer                         = true                                      {product} {command line}
   size_t MarkStackSize                            = 4194304                                   {product} {ergonomic}
   size_t MaxHeapSize                              = 8493465600                                {product} {ergonomic}
   size_t MaxNewSize                               = 5096079360                                {product} {ergonomic}
   size_t MinHeapDeltaBytes                        = 4194304                                   {product} {ergonomic}
   size_t MinHeapSize                              = 8388608                                   {product} {ergonomic}
    uintx NonProfiledCodeHeapSize                  = 0                                      {pd product} {ergonomic}
     bool ProfileInterpreter                       = false                                  {pd product} {command line}
    uintx ProfiledCodeHeapSize                     = 0                                      {pd product} {ergonomic}
   size_t SoftMaxHeapSize                          = 8493465600                             {manageable} {ergonomic}
     intx TieredStopAtLevel                        = 1                                         {product} {command line}
     bool UseCompressedClassPointers               = true                           {product lp64_product} {ergonomic}
     bool UseCompressedOops                        = true                           {product lp64_product} {ergonomic}
     bool UseG1GC                                  = true                                      {product} {ergonomic}
     bool UseLargePagesIndividualAllocation        = false                                  {pd product} {ergonomic}

Logging:
Log output configuration:
 #0: stdout all=warning uptime,level,tags
 #1: stderr all=off uptime,level,tags

Environment Variables:
JAVA_HOME=C:\Program Files\Java\jdk-17
PATH=C:\Program Files (x86)\VMware\VMware Workstation\bin\;C:\Program Files\Java\jdk-17\bin;C:\neo4j\neo4j-community-5.25.1\bin;c:\altera\91sp2\quartus\bin;C:\Program Files (x86)\ZRDDS\ZRDDS-2.4.4\\bin\;C:\Program Files (x86)\ZRDDS\ZRDDS-2.4.4\bin\ZRDDSGen;C:\Python\Scripts\;C:\Python\;C:\Users\30103\Downloads\apache-maven-3.9.9-bin;C:\Program Files\Common Files\Oracle\Java\javapath;C:\Program Files (x86)\Common Files\Oracle\Java\java8path;C:\Program Files (x86)\Common Files\Oracle\Java\javapath;C:\Windows\system32;C:\Windows;C:\Windows\System32\Wbem;C:\Windows\System32\WindowsPowerShell\v1.0\;C:\Windows\System32\OpenSSH\;C:\Program Files\nodejs\;C:\WINDOWS\system32;C:\WINDOWS;C:\WINDOWS\System32\Wbem;C:\WINDOWS\System32\WindowsPowerShell\v1.0\;C:\WINDOWS\System32\OpenSSH\;C:\Program Files (x86)\NVIDIA Corporation\PhysX\Common;C:\Program Files\MATLAB\R2024b\bin;C:\Program Files\dotnet\;C:\Program Files\NVIDIA Corporation\NVIDIA App\NvDLISR;C:\Program Files\Git\cmd;C:\Users\30103\AppData\Local\Microsoft\WindowsApps;C:\Program Files (x86)\Tencent\QQGameTempest\Hall.57915\;C:\Pycharm\PyCharm Community Edition 2024.2.2\bin;;C:\Users\30103\Downloads\x86_64-13.2.0-release-win32-seh-ucrt-rt_v11-rev1\mingw64\bin;C:\Program Files\JetBrains\IntelliJ IDEA Community Edition 2024.2.2\bin;;C:\Users\30103\AppData\Local\Programs\Microsoft VS Code\bin;C:\Users\30103\AppData\Roaming\npm;
USERNAME=30103
OS=Windows_NT
PROCESSOR_IDENTIFIER=Intel64 Family 6 Model 183 Stepping 1, GenuineIntel



---------------  S Y S T E M  ---------------

OS:
 Windows 11 , 64 bit Build 26100 (10.0.26100.5074)
OS uptime: 0 days 1:16 hours

CPU: total 20 (initial active 20) (10 cores per cpu, 2 threads per core) family 6 model 183 stepping 1 microcode 0x12b, cx8, cmov, fxsr, ht, mmx, 3dnowpref, sse, sse2, sse3, ssse3, sse4.1, sse4.2, popcnt, lzcnt, tsc, tscinvbit, avx, avx2, aes, erms, clmul, bmi1, bmi2, adx, sha, fma, vzeroupper, clflush, clflushopt, clwb

Memory: 4k page, system-wide physical 32387M (15447M free)
TotalPageFile size 34435M (AvailPageFile size 14067M)
current process WorkingSet (physical memory assigned to process): 106M, peak: 107M
current process commit charge ("private bytes"): 644M, peak: 646M

vm_info: Java HotSpot(TM) 64-Bit Server VM (17.0.10+11-LTS-240) for windows-amd64 JRE (17.0.10+11-LTS-240), built on Dec 19 2023 21:47:25 by "mach5one" with MS VC++ 17.1 (VS2022)

END.
